2020-06-25T07:02:12+00:00 CRITICAL Uncaught Error: Call to a member function isGroup() on null in C:\xampp\htdocs\wpLemoni\wp-content\plugins\smart-slider-3\Nextend\SmartSlider3\Application\Frontend\Slider\ViewIframe.php:39
Stack trace:
#0 C:\xampp\htdocs\wpLemoni\wp-content\plugins\smart-slider-3\Nextend\SmartSlider3\Application\Frontend\Slider\ControllerPreRenderSlider.php(32): Nextend\SmartSlider3\Application\Frontend\Slider\ViewIframe->display()
#1 [internal function]: Nextend\SmartSlider3\Application\Frontend\Slider\ControllerPreRenderSlider->actionIframe()
#2 C:\xampp\htdocs\wpLemoni\wp-content\plugins\smart-slider-3\Nextend\Framework\Controller\AbstractController.php(95): call_user_func_array(Array, Array)
#3 C:\xampp\htdocs\wpLemoni\wp-content\plugins\smart-slider-3\Nextend\Framework\Application\AbstractApplicationType.php(88): Nextend\Framework\Controller\AbstractController->doAction('iframe', Array)
#4 C:\xampp\htdocs\wpLemoni\wp-content\plugins\smart-slider-3\Nextend\SmartSlider3\Platform\WordPress\WordPressFrontend.php(30): Nextend در C:\xampp\htdocs\wpLemoni\wp-content\plugins\smart-slider-3\Nextend\SmartSlider3\Application\Frontend\Slider\ViewIframe.php در خط 39

2020-06-25T07:32:25+00:00 CRITICAL Uncaught Error: Call to a member function isGroup() on null in C:\xampp\htdocs\wpLemoni\wp-content\plugins\smart-slider-3\Nextend\SmartSlider3\Application\Frontend\Slider\ViewIframe.php:39
Stack trace:
#0 C:\xampp\htdocs\wpLemoni\wp-content\plugins\smart-slider-3\Nextend\SmartSlider3\Application\Frontend\Slider\ControllerPreRenderSlider.php(32): Nextend\SmartSlider3\Application\Frontend\Slider\ViewIframe->display()
#1 [internal function]: Nextend\SmartSlider3\Application\Frontend\Slider\ControllerPreRenderSlider->actionIframe()
#2 C:\xampp\htdocs\wpLemoni\wp-content\plugins\smart-slider-3\Nextend\Framework\Controller\AbstractController.php(95): call_user_func_array(Array, Array)
#3 C:\xampp\htdocs\wpLemoni\wp-content\plugins\smart-slider-3\Nextend\Framework\Application\AbstractApplicationType.php(88): Nextend\Framework\Controller\AbstractController->doAction('iframe', Array)
#4 C:\xampp\htdocs\wpLemoni\wp-content\plugins\smart-slider-3\Nextend\SmartSlider3\Platform\WordPress\WordPressFrontend.php(30): Nextend در C:\xampp\htdocs\wpLemoni\wp-content\plugins\smart-slider-3\Nextend\SmartSlider3\Application\Frontend\Slider\ViewIframe.php در خط 39

2020-06-25T11:00:43+00:00 CRITICAL Uncaught Error: Call to a member function isGroup() on null in C:\xampp\htdocs\wpLemoni\wp-content\plugins\smart-slider-3\Nextend\SmartSlider3\Application\Frontend\Slider\ViewIframe.php:39
Stack trace:
#0 C:\xampp\htdocs\wpLemoni\wp-content\plugins\smart-slider-3\Nextend\SmartSlider3\Application\Frontend\Slider\ControllerPreRenderSlider.php(32): Nextend\SmartSlider3\Application\Frontend\Slider\ViewIframe->display()
#1 [internal function]: Nextend\SmartSlider3\Application\Frontend\Slider\ControllerPreRenderSlider->actionIframe()
#2 C:\xampp\htdocs\wpLemoni\wp-content\plugins\smart-slider-3\Nextend\Framework\Controller\AbstractController.php(95): call_user_func_array(Array, Array)
#3 C:\xampp\htdocs\wpLemoni\wp-content\plugins\smart-slider-3\Nextend\Framework\Application\AbstractApplicationType.php(88): Nextend\Framework\Controller\AbstractController->doAction('iframe', Array)
#4 C:\xampp\htdocs\wpLemoni\wp-content\plugins\smart-slider-3\Nextend\SmartSlider3\Platform\WordPress\WordPressFrontend.php(30): Nextend در C:\xampp\htdocs\wpLemoni\wp-content\plugins\smart-slider-3\Nextend\SmartSlider3\Application\Frontend\Slider\ViewIframe.php در خط 39

2020-06-25T11:01:32+00:00 CRITICAL Uncaught Error: Call to a member function isGroup() on null in C:\xampp\htdocs\wpLemoni\wp-content\plugins\smart-slider-3\Nextend\SmartSlider3\Application\Frontend\Slider\ViewIframe.php:39
Stack trace:
#0 C:\xampp\htdocs\wpLemoni\wp-content\plugins\smart-slider-3\Nextend\SmartSlider3\Application\Frontend\Slider\ControllerPreRenderSlider.php(32): Nextend\SmartSlider3\Application\Frontend\Slider\ViewIframe->display()
#1 [internal function]: Nextend\SmartSlider3\Application\Frontend\Slider\ControllerPreRenderSlider->actionIframe()
#2 C:\xampp\htdocs\wpLemoni\wp-content\plugins\smart-slider-3\Nextend\Framework\Controller\AbstractController.php(95): call_user_func_array(Array, Array)
#3 C:\xampp\htdocs\wpLemoni\wp-content\plugins\smart-slider-3\Nextend\Framework\Application\AbstractApplicationType.php(88): Nextend\Framework\Controller\AbstractController->doAction('iframe', Array)
#4 C:\xampp\htdocs\wpLemoni\wp-content\plugins\smart-slider-3\Nextend\SmartSlider3\Platform\WordPress\WordPressFrontend.php(30): Nextend در C:\xampp\htdocs\wpLemoni\wp-content\plugins\smart-slider-3\Nextend\SmartSlider3\Application\Frontend\Slider\ViewIframe.php در خط 39

2020-06-25T11:04:25+00:00 CRITICAL Uncaught Error: Call to a member function isGroup() on null in C:\xampp\htdocs\wpLemoni\wp-content\plugins\smart-slider-3\Nextend\SmartSlider3\Application\Frontend\Slider\ViewIframe.php:39
Stack trace:
#0 C:\xampp\htdocs\wpLemoni\wp-content\plugins\smart-slider-3\Nextend\SmartSlider3\Application\Frontend\Slider\ControllerPreRenderSlider.php(32): Nextend\SmartSlider3\Application\Frontend\Slider\ViewIframe->display()
#1 [internal function]: Nextend\SmartSlider3\Application\Frontend\Slider\ControllerPreRenderSlider->actionIframe()
#2 C:\xampp\htdocs\wpLemoni\wp-content\plugins\smart-slider-3\Nextend\Framework\Controller\AbstractController.php(95): call_user_func_array(Array, Array)
#3 C:\xampp\htdocs\wpLemoni\wp-content\plugins\smart-slider-3\Nextend\Framework\Application\AbstractApplicationType.php(88): Nextend\Framework\Controller\AbstractController->doAction('iframe', Array)
#4 C:\xampp\htdocs\wpLemoni\wp-content\plugins\smart-slider-3\Nextend\SmartSlider3\Platform\WordPress\WordPressFrontend.php(30): Nextend در C:\xampp\htdocs\wpLemoni\wp-content\plugins\smart-slider-3\Nextend\SmartSlider3\Application\Frontend\Slider\ViewIframe.php در خط 39

2020-06-25T11:05:56+00:00 CRITICAL Uncaught Error: Call to a member function isGroup() on null in C:\xampp\htdocs\wpLemoni\wp-content\plugins\smart-slider-3\Nextend\SmartSlider3\Application\Frontend\Slider\ViewIframe.php:39
Stack trace:
#0 C:\xampp\htdocs\wpLemoni\wp-content\plugins\smart-slider-3\Nextend\SmartSlider3\Application\Frontend\Slider\ControllerPreRenderSlider.php(32): Nextend\SmartSlider3\Application\Frontend\Slider\ViewIframe->display()
#1 [internal function]: Nextend\SmartSlider3\Application\Frontend\Slider\ControllerPreRenderSlider->actionIframe()
#2 C:\xampp\htdocs\wpLemoni\wp-content\plugins\smart-slider-3\Nextend\Framework\Controller\AbstractController.php(95): call_user_func_array(Array, Array)
#3 C:\xampp\htdocs\wpLemoni\wp-content\plugins\smart-slider-3\Nextend\Framework\Application\AbstractApplicationType.php(88): Nextend\Framework\Controller\AbstractController->doAction('iframe', Array)
#4 C:\xampp\htdocs\wpLemoni\wp-content\plugins\smart-slider-3\Nextend\SmartSlider3\Platform\WordPress\WordPressFrontend.php(30): Nextend در C:\xampp\htdocs\wpLemoni\wp-content\plugins\smart-slider-3\Nextend\SmartSlider3\Application\Frontend\Slider\ViewIframe.php در خط 39

2020-06-25T11:19:15+00:00 CRITICAL Uncaught Error: Call to a member function isGroup() on null in C:\xampp\htdocs\wpLemoni\wp-content\plugins\smart-slider-3\Nextend\SmartSlider3\Application\Frontend\Slider\ViewIframe.php:39
Stack trace:
#0 C:\xampp\htdocs\wpLemoni\wp-content\plugins\smart-slider-3\Nextend\SmartSlider3\Application\Frontend\Slider\ControllerPreRenderSlider.php(32): Nextend\SmartSlider3\Application\Frontend\Slider\ViewIframe->display()
#1 [internal function]: Nextend\SmartSlider3\Application\Frontend\Slider\ControllerPreRenderSlider->actionIframe()
#2 C:\xampp\htdocs\wpLemoni\wp-content\plugins\smart-slider-3\Nextend\Framework\Controller\AbstractController.php(95): call_user_func_array(Array, Array)
#3 C:\xampp\htdocs\wpLemoni\wp-content\plugins\smart-slider-3\Nextend\Framework\Application\AbstractApplicationType.php(88): Nextend\Framework\Controller\AbstractController->doAction('iframe', Array)
#4 C:\xampp\htdocs\wpLemoni\wp-content\plugins\smart-slider-3\Nextend\SmartSlider3\Platform\WordPress\WordPressFrontend.php(30): Nextend در C:\xampp\htdocs\wpLemoni\wp-content\plugins\smart-slider-3\Nextend\SmartSlider3\Application\Frontend\Slider\ViewIframe.php در خط 39

2020-06-25T11:25:43+00:00 CRITICAL Uncaught Error: Call to a member function isGroup() on null in C:\xampp\htdocs\wpLemoni\wp-content\plugins\smart-slider-3\Nextend\SmartSlider3\Application\Frontend\Slider\ViewIframe.php:39
Stack trace:
#0 C:\xampp\htdocs\wpLemoni\wp-content\plugins\smart-slider-3\Nextend\SmartSlider3\Application\Frontend\Slider\ControllerPreRenderSlider.php(32): Nextend\SmartSlider3\Application\Frontend\Slider\ViewIframe->display()
#1 [internal function]: Nextend\SmartSlider3\Application\Frontend\Slider\ControllerPreRenderSlider->actionIframe()
#2 C:\xampp\htdocs\wpLemoni\wp-content\plugins\smart-slider-3\Nextend\Framework\Controller\AbstractController.php(95): call_user_func_array(Array, Array)
#3 C:\xampp\htdocs\wpLemoni\wp-content\plugins\smart-slider-3\Nextend\Framework\Application\AbstractApplicationType.php(88): Nextend\Framework\Controller\AbstractController->doAction('iframe', Array)
#4 C:\xampp\htdocs\wpLemoni\wp-content\plugins\smart-slider-3\Nextend\SmartSlider3\Platform\WordPress\WordPressFrontend.php(30): Nextend در C:\xampp\htdocs\wpLemoni\wp-content\plugins\smart-slider-3\Nextend\SmartSlider3\Application\Frontend\Slider\ViewIframe.php در خط 39

2020-06-25T11:26:31+00:00 CRITICAL Uncaught Error: Call to a member function isGroup() on null in C:\xampp\htdocs\wpLemoni\wp-content\plugins\smart-slider-3\Nextend\SmartSlider3\Application\Frontend\Slider\ViewIframe.php:39
Stack trace:
#0 C:\xampp\htdocs\wpLemoni\wp-content\plugins\smart-slider-3\Nextend\SmartSlider3\Application\Frontend\Slider\ControllerPreRenderSlider.php(32): Nextend\SmartSlider3\Application\Frontend\Slider\ViewIframe->display()
#1 [internal function]: Nextend\SmartSlider3\Application\Frontend\Slider\ControllerPreRenderSlider->actionIframe()
#2 C:\xampp\htdocs\wpLemoni\wp-content\plugins\smart-slider-3\Nextend\Framework\Controller\AbstractController.php(95): call_user_func_array(Array, Array)
#3 C:\xampp\htdocs\wpLemoni\wp-content\plugins\smart-slider-3\Nextend\Framework\Application\AbstractApplicationType.php(88): Nextend\Framework\Controller\AbstractController->doAction('iframe', Array)
#4 C:\xampp\htdocs\wpLemoni\wp-content\plugins\smart-slider-3\Nextend\SmartSlider3\Platform\WordPress\WordPressFrontend.php(30): Nextend در C:\xampp\htdocs\wpLemoni\wp-content\plugins\smart-slider-3\Nextend\SmartSlider3\Application\Frontend\Slider\ViewIframe.php در خط 39

